0 info it worked if it ends with ok
1 verbose cli [ '/Users/couto-personal/.nvm/versions/node/v6.9.5/bin/node',
1 verbose cli   '/Users/couto-personal/.nvm/versions/node/v6.9.5/bin/npm',
1 verbose cli   'run',
1 verbose cli   'build',
1 verbose cli   '--',
1 verbose cli   '--production' ]
2 info using npm@3.10.10
3 info using node@v6.9.5
4 verbose run-script [ 'prebuild', 'build', 'postbuild' ]
5 info lifecycle 01-basic@1.0.0~prebuild: 01-basic@1.0.0
6 silly lifecycle 01-basic@1.0.0~prebuild: no script for prebuild, continuing
7 info lifecycle 01-basic@1.0.0~build: 01-basic@1.0.0
8 verbose lifecycle 01-basic@1.0.0~build: unsafe-perm in lifecycle true
9 verbose lifecycle 01-basic@1.0.0~build: PATH: /Users/couto-personal/.nvm/versions/node/v6.9.5/lib/node_modules/npm/bin/node-gyp-bin:/Users/couto-personal/Development/unpack-webpack/07-code-splitting/node_modules/.bin:/Users/couto-personal/.rbenv/shims:/Users/couto-personal/.pyenv/shims:/Users/couto-personal/.nvm/versions/node/v6.9.5/bin:/Users/couto-personal/.bin:/Users/couto-personal/.homebrew/bin:/usr/local/opt/coreutils/libexec/gnubin:/usr/local/opt:/usr/local/bin:/usr/local/sbin:/usr/bin:/bin:/usr/sbin:/sbin:/usr/local/MacGPG2/bin:/Applications/Wireshark.app/Contents/MacOS:/Users/couto-personal/.rbenv/shims:/Users/couto-personal/.pyenv/shims
10 verbose lifecycle 01-basic@1.0.0~build: CWD: /Users/couto-personal/Development/unpack-webpack/07-code-splitting
11 silly lifecycle 01-basic@1.0.0~build: Args: [ '-c', 'webpack "--production"' ]
12 silly lifecycle 01-basic@1.0.0~build: Returned: code: 1  signal: null
13 info lifecycle 01-basic@1.0.0~build: Failed to exec build script
14 verbose stack Error: 01-basic@1.0.0 build: `webpack "--production"`
14 verbose stack Exit status 1
14 verbose stack     at EventEmitter.<anonymous> (/Users/couto-personal/.nvm/versions/node/v6.9.5/lib/node_modules/npm/lib/utils/lifecycle.js:255:16)
14 verbose stack     at emitTwo (events.js:106:13)
14 verbose stack     at EventEmitter.emit (events.js:191:7)
14 verbose stack     at ChildProcess.<anonymous> (/Users/couto-personal/.nvm/versions/node/v6.9.5/lib/node_modules/npm/lib/utils/spawn.js:40:14)
14 verbose stack     at emitTwo (events.js:106:13)
14 verbose stack     at ChildProcess.emit (events.js:191:7)
14 verbose stack     at maybeClose (internal/child_process.js:877:16)
14 verbose stack     at Process.ChildProcess._handle.onexit (internal/child_process.js:226:5)
15 verbose pkgid 01-basic@1.0.0
16 verbose cwd /Users/couto-personal/Development/unpack-webpack/07-code-splitting
17 error Darwin 14.5.0
18 error argv "/Users/couto-personal/.nvm/versions/node/v6.9.5/bin/node" "/Users/couto-personal/.nvm/versions/node/v6.9.5/bin/npm" "run" "build" "--" "--production"
19 error node v6.9.5
20 error npm  v3.10.10
21 error code ELIFECYCLE
22 error 01-basic@1.0.0 build: `webpack "--production"`
22 error Exit status 1
23 error Failed at the 01-basic@1.0.0 build script 'webpack "--production"'.
23 error Make sure you have the latest version of node.js and npm installed.
23 error If you do, this is most likely a problem with the 01-basic package,
23 error not with npm itself.
23 error Tell the author that this fails on your system:
23 error     webpack "--production"
23 error You can get information on how to open an issue for this project with:
23 error     npm bugs 01-basic
23 error Or if that isn't available, you can get their info via:
23 error     npm owner ls 01-basic
23 error There is likely additional logging output above.
24 verbose exit [ 1, true ]
